<?xml version="1.0" encoding="UTF-8"?>
<!-- Generated by org.testng.reporters.JUnitReportReporter -->
<testsuite hostname="LAPTOP-2MAH8L2O" failures="0" tests="3" name="OrangeHRMApplicationTestCases.OrangeHRMLoginPageTest" time="8.935" errors="0" timestamp="2023-02-07T11:20:16 IST" skipped="0">
  <testcase classname="OrangeHRMApplicationTestCases.OrangeHRMLoginPageTest" name="logInPageLogoValidationTest" time="1.571"/>
  <system-out/>
  <testcase classname="OrangeHRMApplicationTestCases.OrangeHRMLoginPageTest" name="logInPageTextValidationTest" time="1.747"/>
  <system-out/>
  <testcase classname="OrangeHRMApplicationTestCases.OrangeHRMLoginPageTest" name="logInPageLogInFuncationalityTest" time="5.617"/>
  <system-out/>
</testsuite> <!-- OrangeHRMApplicationTestCases.OrangeHRMLoginPageTest -->
